<?xml version="1.0" encoding="UTF-8"?>
<!-- Generated by org.testng.reporters.JUnitXMLReporter -->
<testsuite hostname="RVSKCH131LT" name="Test" tests="1" failures="0" timestamp="22 Jun 2016 15:58:56 GMT" time="0.033" errors="0">
  <testcase name="@BeforeTest f" time="0.0" classname="com.ad.test.PlayWithCanvasTests">
    <failure type="java.lang.NoClassDefFoundError" message="com/google/common/base/Function">
      <![CDATA[java.lang.NoClassDefFoundError: com/google/common/base/Function
	at com.ad.test.PlayWithCanvasTests.f(PlayWithCanvasTests.java:33)
Caused by: java.lang.ClassNotFoundException: com.google.common.base.Function
	at java.net.URLClassLoader$1.run(URLClassLoader.java:366)
	at java.net.URLClassLoader$1.run(URLClassLoader.java:355)
	at java.security.AccessController.doPrivileged(Native Method)
	at java.net.URLClassLoader.findClass(URLClassLoader.java:354)
	at java.lang.ClassLoader.loadClass(ClassLoader.java:425)
	at sun.misc.Launcher$AppClassLoader.loadClass(Launcher.java:308)
	at java.lang.ClassLoader.loadClass(ClassLoader.java:358)
	... 23 more
... Removed 22 stack frames]]>
    </failure>
  </testcase> <!-- @BeforeTest f -->
  <testcase name="playWithCanvasGraph" time="0.001" classname="com.ad.test.PlayWithCanvasTests">
    <skipped/>
  </testcase> <!-- playWithCanvasGraph -->
</testsuite> <!-- Test -->
