<?xml version="1.0" encoding="UTF-8"?>
<testng-results skipped="0" failed="0" total="1" passed="1">
  <reporter-output>
  </reporter-output>
  <suite name="Default suite" duration-ms="30748" started-at="2016-06-24T07:01:39Z" finished-at="2016-06-24T07:02:09Z">
    <groups>
    </groups>
    <test name="Default test" duration-ms="30748" started-at="2016-06-24T07:01:39Z" finished-at="2016-06-24T07:02:09Z">
      <class name="com.ad.test.PlayWithCanvasTests">
        <test-method status="PASS" signature="f()[pri:0, instance:com.ad.test.PlayWithCanvasTests@15dbaab]" name="f" is-config="true" duration-ms="12382" started-at="2016-06-24T12:31:39Z" finished-at="2016-06-24T12:31:51Z">
          <reporter-output>
          </reporter-output>
        </test-method> <!-- f -->
        <test-method status="PASS" signature="LoginTest()[pri:0, instance:com.ad.test.PlayWithCanvasTests@15dbaab]" name="LoginTest" duration-ms="18356" started-at="2016-06-24T12:31:51Z" finished-at="2016-06-24T12:32:09Z">
          <reporter-output>
          </reporter-output>
        </test-method> <!-- LoginTest -->
      </class> <!-- com.ad.test.PlayWithCanvasTests -->
    </test> <!-- Default test -->
  </suite> <!-- Default suite -->
</testng-results>
